This file contains any messages produced by compilers while
running configure, to aid debugging if configure makes a mistake.

It was created by meta_sca configure version-0.1, which was
generated by GNU Autoconf 2.68.  Invocation command line was

  $ ./configure 

## --------- ##
## Platform. ##
## --------- ##

hostname = sca
uname -m = x86_64
uname -r = 3.8.0-35-generic
uname -s = Linux
uname -v = #50~precise1-Ubuntu SMP Wed Dec 4 17:25:51 UTC 2013

/usr/bin/uname -p = unknown
/bin/uname -X     = unknown

/bin/arch              = unknown
/usr/bin/arch -k       = unknown
/usr/convex/getsysinfo = unknown
/usr/bin/hostinfo      = unknown
/bin/machine           = unknown
/usr/bin/oslevel       = unknown
/bin/universe          = unknown

PATH: /usr/local/sbin
PATH: /usr/local/bin
PATH: /usr/sbin
PATH: /usr/bin
PATH: /sbin
PATH: /bin
PATH: /usr/games


## ----------- ##
## Core tests. ##
## ----------- ##

configure:1945: Meta-Information Side Channel Attack
configure:1996: checking for gcc
configure:2012: found /usr/bin/gcc
configure:2023: result: gcc
configure:2252: checking for C compiler version
configure:2261: gcc --version >&5
gcc (Ubuntu/Linaro 4.6.3-1ubuntu5) 4.6.3
Copyright (C) 2011 Free Software Foundation, Inc.
This is free software; see the source for copying conditions.  There is NO
warranty; not even for MERCHANTABILITY or FITNESS FOR A PARTICULAR PURPOSE.

configure:2272: $? = 0
configure:2261: gcc -v >&5
Using built-in specs.
COLLECT_GCC=gcc
COLLECT_LTO_WRAPPER=/usr/lib/gcc/x86_64-linux-gnu/4.6/lto-wrapper
Target: x86_64-linux-gnu
Configured with: ../src/configure -v --with-pkgversion='Ubuntu/Linaro 4.6.3-1ubuntu5' --with-bugurl=file:///usr/share/doc/gcc-4.6/README.Bugs --enable-languages=c,c++,fortran,objc,obj-c++ --prefix=/usr --program-suffix=-4.6 --enable-shared --enable-linker-build-id --with-system-zlib --libexecdir=/usr/lib --without-included-gettext --enable-threads=posix --with-gxx-include-dir=/usr/include/c++/4.6 --libdir=/usr/lib --enable-nls --with-sysroot=/ --enable-clocale=gnu --enable-libstdcxx-debug --enable-libstdcxx-time=yes --enable-gnu-unique-object --enable-plugin --enable-objc-gc --disable-werror --with-arch-32=i686 --with-tune=generic --enable-checking=release --build=x86_64-linux-gnu --host=x86_64-linux-gnu --target=x86_64-linux-gnu
Thread model: posix
gcc version 4.6.3 (Ubuntu/Linaro 4.6.3-1ubuntu5) 
configure:2272: $? = 0
configure:2261: gcc -V >&5
gcc: error: unrecognized option '-V'
gcc: fatal error: no input files
compilation terminated.
configure:2272: $? = 4
configure:2261: gcc -qversion >&5
gcc: error: unrecognized option '-qversion'
gcc: fatal error: no input files
compilation terminated.
configure:2272: $? = 4
configure:2292: checking whether the C compiler works
configure:2314: gcc    conftest.c  >&5
configure:2318: $? = 0
configure:2366: result: yes
configure:2369: checking for C compiler default output file name
configure:2371: result: a.out
configure:2377: checking for suffix of executables
configure:2384: gcc -o conftest    conftest.c  >&5
configure:2388: $? = 0
configure:2410: result: 
configure:2432: checking whether we are cross compiling
configure:2440: gcc -o conftest    conftest.c  >&5
configure:2444: $? = 0
configure:2451: ./conftest
configure:2455: $? = 0
configure:2470: result: no
configure:2475: checking for suffix of object files
configure:2497: gcc -c   conftest.c >&5
configure:2501: $? = 0
configure:2522: result: o
configure:2526: checking whether we are using the GNU C compiler
configure:2545: gcc -c   conftest.c >&5
configure:2545: $? = 0
configure:2554: result: yes
configure:2563: checking whether gcc accepts -g
configure:2583: gcc -c -g  conftest.c >&5
configure:2583: $? = 0
configure:2624: result: yes
configure:2641: checking for gcc option to accept ISO C89
configure:2705: gcc  -c -g -O2  conftest.c >&5
configure:2705: $? = 0
configure:2718: result: none needed
configure:2750: checking how to run the C preprocessor
configure:2781: gcc -E  conftest.c
configure:2781: $? = 0
configure:2795: gcc -E  conftest.c
conftest.c:9:28: fatal error: ac_nonexistent.h: No such file or directory
compilation terminated.
configure:2795: $? = 1
configure: failed program was:
| /* confdefs.h */
| #define PACKAGE_NAME "meta_sca"
| #define PACKAGE_TARNAME "meta_sca"
| #define PACKAGE_VERSION "version-0.1"
| #define PACKAGE_STRING "meta_sca version-0.1"
| #define PACKAGE_BUGREPORT ""
| #define PACKAGE_URL ""
| /* end confdefs.h.  */
| #include <ac_nonexistent.h>
configure:2820: result: gcc -E
configure:2840: gcc -E  conftest.c
configure:2840: $? = 0
configure:2854: gcc -E  conftest.c
conftest.c:9:28: fatal error: ac_nonexistent.h: No such file or directory
compilation terminated.
configure:2854: $? = 1
configure: failed program was:
| /* confdefs.h */
| #define PACKAGE_NAME "meta_sca"
| #define PACKAGE_TARNAME "meta_sca"
| #define PACKAGE_VERSION "version-0.1"
| #define PACKAGE_STRING "meta_sca version-0.1"
| #define PACKAGE_BUGREPORT ""
| #define PACKAGE_URL ""
| /* end confdefs.h.  */
| #include <ac_nonexistent.h>
configure:2883: checking for grep that handles long lines and -e
configure:2941: result: /bin/grep
configure:2946: checking for egrep
configure:3008: result: /bin/grep -E
configure:3013: checking for ANSI C header files
configure:3033: gcc -c -g -O2  conftest.c >&5
configure:3033: $? = 0
configure:3106: gcc -o conftest -g -O2   conftest.c  >&5
configure:3106: $? = 0
configure:3106: ./conftest
configure:3106: $? = 0
configure:3117: result: yes
configure:3130: checking for sys/types.h
configure:3130: gcc -c -g -O2  conftest.c >&5
configure:3130: $? = 0
configure:3130: result: yes
configure:3130: checking for sys/stat.h
configure:3130: gcc -c -g -O2  conftest.c >&5
configure:3130: $? = 0
configure:3130: result: yes
configure:3130: checking for stdlib.h
configure:3130: gcc -c -g -O2  conftest.c >&5
configure:3130: $? = 0
configure:3130: result: yes
configure:3130: checking for string.h
configure:3130: gcc -c -g -O2  conftest.c >&5
configure:3130: $? = 0
configure:3130: result: yes
configure:3130: checking for memory.h
configure:3130: gcc -c -g -O2  conftest.c >&5
configure:3130: $? = 0
configure:3130: result: yes
configure:3130: checking for strings.h
configure:3130: gcc -c -g -O2  conftest.c >&5
configure:3130: $? = 0
configure:3130: result: yes
configure:3130: checking for inttypes.h
configure:3130: gcc -c -g -O2  conftest.c >&5
configure:3130: $? = 0
configure:3130: result: yes
configure:3130: checking for stdint.h
configure:3130: gcc -c -g -O2  conftest.c >&5
configure:3130: $? = 0
configure:3130: result: yes
configure:3130: checking for unistd.h
configure:3130: gcc -c -g -O2  conftest.c >&5
configure:3130: $? = 0
configure:3130: result: yes
configure:3145: checking stdio.h usability
configure:3145: gcc -c -g -O2  conftest.c >&5
configure:3145: $? = 0
configure:3145: result: yes
configure:3145: checking stdio.h presence
configure:3145: gcc -E  conftest.c
configure:3145: $? = 0
configure:3145: result: yes
configure:3145: checking for stdio.h
configure:3145: result: yes
configure:3145: checking for stdlib.h
configure:3145: result: yes
configure:3145: checking for string.h
configure:3145: result: yes
configure:3145: checking for unistd.h
configure:3145: result: yes
configure:3145: checking fcntl.h usability
configure:3145: gcc -c -g -O2  conftest.c >&5
configure:3145: $? = 0
configure:3145: result: yes
configure:3145: checking fcntl.h presence
configure:3145: gcc -E  conftest.c
configure:3145: $? = 0
configure:3145: result: yes
configure:3145: checking for fcntl.h
configure:3145: result: yes
configure:3145: checking errno.h usability
configure:3145: gcc -c -g -O2  conftest.c >&5
configure:3145: $? = 0
configure:3145: result: yes
configure:3145: checking errno.h presence
configure:3145: gcc -E  conftest.c
configure:3145: $? = 0
configure:3145: result: yes
configure:3145: checking for errno.h
configure:3145: result: yes
configure:3145: checking sys/mman.h usability
configure:3145: gcc -c -g -O2  conftest.c >&5
configure:3145: $? = 0
configure:3145: result: yes
configure:3145: checking sys/mman.h presence
configure:3145: gcc -E  conftest.c
configure:3145: $? = 0
configure:3145: result: yes
configure:3145: checking for sys/mman.h
configure:3145: result: yes
configure:3145: checking for sys/stat.h
configure:3145: result: yes
configure:3145: checking time.h usability
configure:3145: gcc -c -g -O2  conftest.c >&5
configure:3145: $? = 0
configure:3145: result: yes
configure:3145: checking time.h presence
configure:3145: gcc -E  conftest.c
configure:3145: $? = 0
configure:3145: result: yes
configure:3145: checking for time.h
configure:3145: result: yes
configure:3145: checking sys/time.h usability
configure:3145: gcc -c -g -O2  conftest.c >&5
configure:3145: $? = 0
configure:3145: result: yes
configure:3145: checking sys/time.h presence
configure:3145: gcc -E  conftest.c
configure:3145: $? = 0
configure:3145: result: yes
configure:3145: checking for sys/time.h
configure:3145: result: yes
configure:3145: checking for sys/types.h
configure:3145: result: yes
configure:3145: checking for stdint.h
configure:3145: result: yes
configure:3145: checking for unistd.h
configure:3145: result: yes
configure:3145: checking math.h usability
configure:3145: gcc -c -g -O2  conftest.c >&5
configure:3145: $? = 0
configure:3145: result: yes
configure:3145: checking math.h presence
configure:3145: gcc -E  conftest.c
configure:3145: $? = 0
configure:3145: result: yes
configure:3145: checking for math.h
configure:3145: result: yes
configure:3145: checking float.h usability
configure:3145: gcc -c -g -O2  conftest.c >&5
configure:3145: $? = 0
configure:3145: result: yes
configure:3145: checking float.h presence
configure:3145: gcc -E  conftest.c
configure:3145: $? = 0
configure:3145: result: yes
configure:3145: checking for float.h
configure:3145: result: yes
configure:3145: checking netinit/in.h usability
configure:3145: gcc -c -g -O2  conftest.c >&5
conftest.c:67:24: fatal error: netinit/in.h: No such file or directory
compilation terminated.
configure:3145: $? = 1
configure: failed program was:
| /* confdefs.h */
| #define PACKAGE_NAME "meta_sca"
| #define PACKAGE_TARNAME "meta_sca"
| #define PACKAGE_VERSION "version-0.1"
| #define PACKAGE_STRING "meta_sca version-0.1"
| #define PACKAGE_BUGREPORT ""
| #define PACKAGE_URL ""
| #define STDC_HEADERS 1
| #define HAVE_SYS_TYPES_H 1
| #define HAVE_SYS_STAT_H 1
| #define HAVE_STDLIB_H 1
| #define HAVE_STRING_H 1
| #define HAVE_MEMORY_H 1
| #define HAVE_STRINGS_H 1
| #define HAVE_INTTYPES_H 1
| #define HAVE_STDINT_H 1
| #define HAVE_UNISTD_H 1
| #define HAVE_STDIO_H 1
| #define HAVE_STDLIB_H 1
| #define HAVE_STRING_H 1
| #define HAVE_UNISTD_H 1
| #define HAVE_FCNTL_H 1
| #define HAVE_ERRNO_H 1
| #define HAVE_SYS_MMAN_H 1
| #define HAVE_SYS_STAT_H 1
| #define HAVE_TIME_H 1
| #define HAVE_SYS_TIME_H 1
| #define HAVE_SYS_TYPES_H 1
| #define HAVE_STDINT_H 1
| #define HAVE_UNISTD_H 1
| #define HAVE_MATH_H 1
| #define HAVE_FLOAT_H 1
| /* end confdefs.h.  */
| #include <stdio.h>
| #ifdef HAVE_SYS_TYPES_H
| # include <sys/types.h>
| #endif
| #ifdef HAVE_SYS_STAT_H
| # include <sys/stat.h>
| #endif
| #ifdef STDC_HEADERS
| # include <stdlib.h>
| # include <stddef.h>
| #else
| # ifdef HAVE_STDLIB_H
| #  include <stdlib.h>
| # endif
| #endif
| #ifdef HAVE_STRING_H
| # if !defined STDC_HEADERS && defined HAVE_MEMORY_H
| #  include <memory.h>
| # endif
| # include <string.h>
| #endif
| #ifdef HAVE_STRINGS_H
| # include <strings.h>
| #endif
| #ifdef HAVE_INTTYPES_H
| # include <inttypes.h>
| #endif
| #ifdef HAVE_STDINT_H
| # include <stdint.h>
| #endif
| #ifdef HAVE_UNISTD_H
| # include <unistd.h>
| #endif
| #include <netinit/in.h>
configure:3145: result: no
configure:3145: checking netinit/in.h presence
configure:3145: gcc -E  conftest.c
conftest.c:34:24: fatal error: netinit/in.h: No such file or directory
compilation terminated.
configure:3145: $? = 1
configure: failed program was:
| /* confdefs.h */
| #define PACKAGE_NAME "meta_sca"
| #define PACKAGE_TARNAME "meta_sca"
| #define PACKAGE_VERSION "version-0.1"
| #define PACKAGE_STRING "meta_sca version-0.1"
| #define PACKAGE_BUGREPORT ""
| #define PACKAGE_URL ""
| #define STDC_HEADERS 1
| #define HAVE_SYS_TYPES_H 1
| #define HAVE_SYS_STAT_H 1
| #define HAVE_STDLIB_H 1
| #define HAVE_STRING_H 1
| #define HAVE_MEMORY_H 1
| #define HAVE_STRINGS_H 1
| #define HAVE_INTTYPES_H 1
| #define HAVE_STDINT_H 1
| #define HAVE_UNISTD_H 1
| #define HAVE_STDIO_H 1
| #define HAVE_STDLIB_H 1
| #define HAVE_STRING_H 1
| #define HAVE_UNISTD_H 1
| #define HAVE_FCNTL_H 1
| #define HAVE_ERRNO_H 1
| #define HAVE_SYS_MMAN_H 1
| #define HAVE_SYS_STAT_H 1
| #define HAVE_TIME_H 1
| #define HAVE_SYS_TIME_H 1
| #define HAVE_SYS_TYPES_H 1
| #define HAVE_STDINT_H 1
| #define HAVE_UNISTD_H 1
| #define HAVE_MATH_H 1
| #define HAVE_FLOAT_H 1
| /* end confdefs.h.  */
| #include <netinit/in.h>
configure:3145: result: no
configure:3145: checking for netinit/in.h
configure:3145: result: no
configure:3145: checking linux/ip.h usability
configure:3145: gcc -c -g -O2  conftest.c >&5
configure:3145: $? = 0
configure:3145: result: yes
configure:3145: checking linux/ip.h presence
configure:3145: gcc -E  conftest.c
configure:3145: $? = 0
configure:3145: result: yes
configure:3145: checking for linux/ip.h
configure:3145: result: yes
configure:3145: checking linux/tcp.h usability
configure:3145: gcc -c -g -O2  conftest.c >&5
configure:3145: $? = 0
configure:3145: result: yes
configure:3145: checking linux/tcp.h presence
configure:3145: gcc -E  conftest.c
configure:3145: $? = 0
configure:3145: result: yes
configure:3145: checking for linux/tcp.h
configure:3145: result: yes
configure:3145: checking pcap/pcap.h usability
configure:3145: gcc -c -g -O2  conftest.c >&5
configure:3145: $? = 0
configure:3145: result: yes
configure:3145: checking pcap/pcap.h presence
configure:3145: gcc -E  conftest.c
configure:3145: $? = 0
configure:3145: result: yes
configure:3145: checking for pcap/pcap.h
configure:3145: result: yes
configure:3145: checking for errno.h
configure:3145: result: yes

## ---------------- ##
## Cache variables. ##
## ---------------- ##

ac_cv_c_compiler_gnu=yes
ac_cv_env_CC_set=
ac_cv_env_CC_value=
ac_cv_env_CFLAGS_set=
ac_cv_env_CFLAGS_value=
ac_cv_env_CPPFLAGS_set=
ac_cv_env_CPPFLAGS_value=
ac_cv_env_CPP_set=
ac_cv_env_CPP_value=
ac_cv_env_LDFLAGS_set=
ac_cv_env_LDFLAGS_value=
ac_cv_env_LIBS_set=
ac_cv_env_LIBS_value=
ac_cv_env_build_alias_set=
ac_cv_env_build_alias_value=
ac_cv_env_host_alias_set=
ac_cv_env_host_alias_value=
ac_cv_env_target_alias_set=
ac_cv_env_target_alias_value=
ac_cv_header_errno_h=yes
ac_cv_header_fcntl_h=yes
ac_cv_header_float_h=yes
ac_cv_header_inttypes_h=yes
ac_cv_header_linux_ip_h=yes
ac_cv_header_linux_tcp_h=yes
ac_cv_header_math_h=yes
ac_cv_header_memory_h=yes
ac_cv_header_netinit_in_h=no
ac_cv_header_pcap_pcap_h=yes
ac_cv_header_stdc=yes
ac_cv_header_stdint_h=yes
ac_cv_header_stdio_h=yes
ac_cv_header_stdlib_h=yes
ac_cv_header_string_h=yes
ac_cv_header_strings_h=yes
ac_cv_header_sys_mman_h=yes
ac_cv_header_sys_stat_h=yes
ac_cv_header_sys_time_h=yes
ac_cv_header_sys_types_h=yes
ac_cv_header_time_h=yes
ac_cv_header_unistd_h=yes
ac_cv_objext=o
ac_cv_path_EGREP='/bin/grep -E'
ac_cv_path_GREP=/bin/grep
ac_cv_prog_CPP='gcc -E'
ac_cv_prog_ac_ct_CC=gcc
ac_cv_prog_cc_c89=
ac_cv_prog_cc_g=yes

## ----------------- ##
## Output variables. ##
## ----------------- ##

CC='gcc'
CFLAGS='-g -O2'
CPP='gcc -E'
CPPFLAGS=''
DEFS=''
ECHO_C=''
ECHO_N='-n'
ECHO_T=''
EGREP='/bin/grep -E'
EXEEXT=''
GREP='/bin/grep'
LDFLAGS=''
LIBS=''
OBJEXT='o'
PACKAGE_BUGREPORT=''
PACKAGE_NAME='meta_sca'
PACKAGE_STRING='meta_sca version-0.1'
PACKAGE_TARNAME='meta_sca'
PACKAGE_URL=''
PACKAGE_VERSION='version-0.1'
PATH_SEPARATOR=':'
SHELL='/bin/bash'
ac_ct_CC='gcc'
bindir='${exec_prefix}/bin'
build_alias=''
datadir='${datarootdir}'
datarootdir='${prefix}/share'
docdir='${datarootdir}/doc/${PACKAGE_TARNAME}'
dvidir='${docdir}'
exec_prefix='NONE'
host_alias=''
htmldir='${docdir}'
includedir='${prefix}/include'
infodir='${datarootdir}/info'
libdir='${exec_prefix}/lib'
libexecdir='${exec_prefix}/libexec'
localedir='${datarootdir}/locale'
localstatedir='${prefix}/var'
mandir='${datarootdir}/man'
oldincludedir='/usr/include'
pdfdir='${docdir}'
prefix='NONE'
program_transform_name='s,x,x,'
psdir='${docdir}'
sbindir='${exec_prefix}/sbin'
sharedstatedir='${prefix}/com'
sysconfdir='${prefix}/etc'
target_alias=''

## ----------- ##
## confdefs.h. ##
## ----------- ##

/* confdefs.h */
#define PACKAGE_NAME "meta_sca"
#define PACKAGE_TARNAME "meta_sca"
#define PACKAGE_VERSION "version-0.1"
#define PACKAGE_STRING "meta_sca version-0.1"
#define PACKAGE_BUGREPORT ""
#define PACKAGE_URL ""
#define STDC_HEADERS 1
#define HAVE_SYS_TYPES_H 1
#define HAVE_SYS_STAT_H 1
#define HAVE_STDLIB_H 1
#define HAVE_STRING_H 1
#define HAVE_MEMORY_H 1
#define HAVE_STRINGS_H 1
#define HAVE_INTTYPES_H 1
#define HAVE_STDINT_H 1
#define HAVE_UNISTD_H 1
#define HAVE_STDIO_H 1
#define HAVE_STDLIB_H 1
#define HAVE_STRING_H 1
#define HAVE_UNISTD_H 1
#define HAVE_FCNTL_H 1
#define HAVE_ERRNO_H 1
#define HAVE_SYS_MMAN_H 1
#define HAVE_SYS_STAT_H 1
#define HAVE_TIME_H 1
#define HAVE_SYS_TIME_H 1
#define HAVE_SYS_TYPES_H 1
#define HAVE_STDINT_H 1
#define HAVE_UNISTD_H 1
#define HAVE_MATH_H 1
#define HAVE_FLOAT_H 1
#define HAVE_LINUX_IP_H 1
#define HAVE_LINUX_TCP_H 1
#define HAVE_PCAP_PCAP_H 1
#define HAVE_ERRNO_H 1

configure: exit 0
